<?xml version="1.0" encoding="UTF-8"?>
<testng-results skipped="0" failed="0" ignored="0" total="1" passed="1">
  <reporter-output>
  </reporter-output>
  <suite name="Surefire suite" duration-ms="17130" started-at="2023-02-15T17:34:03Z" finished-at="2023-02-15T17:34:20Z">
    <groups>
      <group name="cucumber">
        <method signature="AbstractTestNGCucumberTests.runScenario(io.cucumber.testng.PickleWrapper, io.cucumber.testng.FeatureWrapper)[pri:0, instance:runner.RunTest@4678a2eb]" name="runScenario" class="io.cucumber.testng.AbstractTestNGCucumberTests"/>
      </group> <!-- cucumber -->
    </groups>
    <test name="Surefire test" duration-ms="17130" started-at="2023-02-15T17:34:03Z" finished-at="2023-02-15T17:34:20Z">
      <class name="runner.RunTest">
        <test-method status="PASS" signature="setUpClass()[pri:0, instance:runner.RunTest@4678a2eb]" name="setUpClass" is-config="true" duration-ms="1576" started-at="2023-02-15T17:34:03Z" finished-at="2023-02-15T17:34:05Z">
          <reporter-output>
          </reporter-output>
        </test-method> <!-- setUpClass -->
        <test-method status="PASS" signature="runScenario(io.cucumber.testng.PickleWrapper, io.cucumber.testng.FeatureWrapper)[pri:0, instance:runner.RunTest@4678a2eb]" name="runScenario" duration-ms="15380" started-at="2023-02-15T17:34:05Z" description="Runs Cucumber Scenarios" data-provider="scenarios" finished-at="2023-02-15T17:34:20Z">
          <params>
            <param index="0">
              <value>
                <![CDATA["Login functionality with valid credentials"]]>
              </value>
            </param>
            <param index="1">
              <value>
                <![CDATA["Login Functionality"]]>
              </value>
            </param>
          </params>
          <reporter-output>
          </reporter-output>
        </test-method> <!-- runScenario -->
        <test-method status="PASS" signature="tearDownClass()[pri:0, instance:runner.RunTest@4678a2eb]" name="tearDownClass" is-config="true" duration-ms="16" started-at="2023-02-15T17:34:20Z" finished-at="2023-02-15T17:34:20Z">
          <reporter-output>
          </reporter-output>
        </test-method> <!-- tearDownClass -->
      </class> <!-- runner.RunTest -->
    </test> <!-- Surefire test -->
  </suite> <!-- Surefire suite -->
</testng-results>
